[02:52:35] [ServerMain/INFO]: Environment: authHost='https://authserver.mojang.com', accountsHost='https://api.mojang.com', sessionHost='https://sessionserver.mojang.com', servicesHost='https://api.minecraftservices.com', name='PROD'
[02:52:35] [ServerMain/INFO]: Found new data pack file/bukkit, loading it automatically
[02:52:38] [ServerMain/INFO]: Loaded 7 recipes
[02:52:38] [Server thread/INFO]: Starting minecraft server version 1.20
[02:52:38] [Server thread/INFO]: Loading properties
[02:52:39] [Server thread/INFO]: This server is running Paper version git-Paper-17 (MC: 1.20) (Implementing API version 1.20-R0.1-SNAPSHOT) (Git: c287e92)
[02:52:39] [Server thread/INFO]: Server Ping Player Sample Count: 12
[02:52:39] [Server thread/INFO]: Using 4 threads for Netty based IO
[02:52:39] [Server thread/INFO]: [ChunkTaskScheduler] Chunk system is using 1 I/O threads, 1 worker threads, and gen parallelism of 1 threads
[02:52:39] [Server thread/WARN]: [!] The timings profiler has been enabled but has been scheduled for removal from Paper in the future.
    We recommend installing the spark profiler as a replacement: https://spark.lucko.me/
    For more information please visit: https://github.com/PaperMC/Paper/issues/8948
[02:52:39] [Server thread/INFO]: Default game type: SURVIVAL
[02:52:39] [Server thread/INFO]: Generating keypair
[02:52:39] [Server thread/INFO]: Starting Minecraft server on *:25565
[02:52:39] [Server thread/INFO]: Using epoll channel type
[02:52:39] [Server thread/INFO]: Paper: Using libdeflate (Linux x86_64) compression from Velocity.
[02:52:39] [Server thread/INFO]: Paper: Using OpenSSL 1.1.x (Linux x86_64) cipher from Velocity.
[02:52:39] [Server thread/WARN]: **** SERVER IS RUNNING IN OFFLINE/INSECURE MODE!
[02:52:39] [Server thread/WARN]: The server will make no attempt to authenticate usernames. Beware.
[02:52:39] [Server thread/WARN]: While this makes the game possible to play without internet access, it also opens up the ability for hackers to connect with any username they choose.
[02:52:39] [Server thread/WARN]: To change this, set "online-mode" to "true" in the server.properties file.
[02:52:39] [Server thread/INFO]: Preparing level "world"
[02:52:40] [Server thread/INFO]: ---- Migration of old nether folder required ----
[02:52:40] [Server thread/INFO]: Unfortunately due to the way that Minecraft implemented multiworld support in 1.6, Bukkit requires that you move your nether folder to a new location in order to operate correctly.
[02:52:40] [Server thread/INFO]: We will move this folder for you, but it will mean that you need to move it back should you wish to stop using Bukkit in the future.
[02:52:40] [Server thread/INFO]: Attempting to move world/DIM-1 to world_nether/DIM-1...
[02:52:40] [Server thread/INFO]: Success! To restore nether in the future, simply move world_nether/DIM-1 to world/DIM-1
[02:52:40] [Server thread/INFO]: ---- Migration of old nether folder complete ----
[02:52:40] [Server thread/INFO]: ---- Migration of old the_end folder required ----
[02:52:40] [Server thread/INFO]: Unfortunately due to the way that Minecraft implemented multiworld support in 1.6, Bukkit requires that you move your the_end folder to a new location in order to operate correctly.
[02:52:40] [Server thread/INFO]: We will move this folder for you, but it will mean that you need to move it back should you wish to stop using Bukkit in the future.
[02:52:40] [Server thread/INFO]: Attempting to move world/DIM1 to world_the_end/DIM1...
[02:52:40] [Server thread/INFO]: Success! To restore the_end in the future, simply move world_the_end/DIM1 to world/DIM1
[02:52:40] [Server thread/INFO]: ---- Migration of old the_end folder complete ----
[02:52:40] [Server thread/INFO]: Preparing start region for dimension minecraft:overworld
[02:52:41] [Server thread/INFO]: Time elapsed: 597 ms
[02:52:41] [Server thread/INFO]: Preparing start region for dimension minecraft:the_nether
[02:52:41] [Server thread/INFO]: Time elapsed: 154 ms
[02:52:41] [Server thread/INFO]: Preparing start region for dimension minecraft:the_end
[02:52:41] [Server thread/INFO]: Time elapsed: 163 ms
[02:52:41] [Server thread/INFO]: Running delayed init tasks
[02:52:41] [Server thread/INFO]: Done (2.900s)! For help, type "help"
[02:52:41] [Server thread/INFO]: Timings Reset
[02:53:18] [Server thread/INFO]: Stopping the server
[02:53:18] [Server thread/INFO]: Stopping server
[02:53:18] [Server thread/INFO]: Saving players
[02:53:19] [Server thread/INFO]: Saving worlds
[02:53:19] [Server thread/INFO]: Saving chunks for level 'ServerLevel[world]'/minecraft:overworld
[02:53:19] [Server thread/INFO]: [ChunkHolderManager] Waiting 60s for chunk system to halt for world 'world'
[02:53:19] [Server thread/INFO]: [ChunkHolderManager] Halted chunk system for world 'world'
[02:53:19] [Server thread/INFO]: [ChunkHolderManager] Saving all chunkholders for world 'world'
[02:53:21] [Server thread/INFO]: [ChunkHolderManager] Saved 529 block chunks, 529 entity chunks, 0 poi chunks in world 'world' in 2.75s
[02:53:22] [Server thread/INFO]: ThreadedAnvilChunkStorage (world): All chunks are saved
[02:53:22] [Server thread/INFO]: Saving chunks for level 'ServerLevel[world_nether]'/minecraft:the_nether
[02:53:22] [Server thread/INFO]: [ChunkHolderManager] Waiting 60s for chunk system to halt for world 'world_nether'
[02:53:22] [Server thread/INFO]: [ChunkHolderManager] Halted chunk system for world 'world_nether'
[02:53:22] [Server thread/INFO]: [ChunkHolderManager] Saving all chunkholders for world 'world_nether'
[02:53:23] [Server thread/INFO]: [ChunkHolderManager] Saved 1849 block chunks, 0 entity chunks, 0 poi chunks in world 'world_nether' in 1.48s
[02:53:23] [Server thread/INFO]: ThreadedAnvilChunkStorage (DIM-1): All chunks are saved
[02:53:23] [Server thread/INFO]: Saving chunks for level 'ServerLevel[world_the_end]'/minecraft:the_end
[02:53:23] [Server thread/INFO]: [ChunkHolderManager] Waiting 60s for chunk system to halt for world 'world_the_end'
[02:53:23] [Server thread/INFO]: [ChunkHolderManager] Halted chunk system for world 'world_the_end'
[02:53:23] [Server thread/INFO]: [ChunkHolderManager] Saving all chunkholders for world 'world_the_end'
[02:53:24] [Server thread/INFO]: [ChunkHolderManager] Saved 2025 block chunks, 529 entity chunks, 0 poi chunks in world 'world_the_end' in 1.09s
[02:53:24] [Server thread/INFO]: ThreadedAnvilChunkStorage (DIM1): All chunks are saved
[02:53:24] [Server thread/INFO]: ThreadedAnvilChunkStorage: All dimensions are saved
[02:53:24] [Server thread/INFO]: Flushing Chunk IO
[02:53:24] [Server thread/INFO]: Closing Thread Pool
[02:53:24] [Server thread/INFO]: Closing Server
